<?xml version="1.0" encoding="UTF-8"?>
<!-- Generated by org.testng.reporters.JUnitXMLReporter -->
<testsuite ignored="1" hostname="DESKTOP-377NK29" failures="0" tests="1" name="FirstTestSuite" time="24.24" errors="0" timestamp="2019-10-12T12:25:42 EAT">
  <testcase classname="com.dice.LoginTest" name="negativeLoginTest" time="15.87"/>
  <testcase classname="com.dice.LoginTest" name="positiveLoginTest" time="0.0">
    <ignored/>
  </testcase> <!-- positiveLoginTest -->
</testsuite> <!-- FirstTestSuite -->
