<?xml version="1.0" encoding="UTF-8"?>
<testng-results ignored="1" total="2" passed="1" failed="0" skipped="0">
  <reporter-output>
  </reporter-output>
  <suite started-at="2019-10-12T12:25:18 EAT" name="Suite_Automation" finished-at="2019-10-12T12:25:42 EAT" duration-ms="24240">
    <groups>
    </groups>
    <test started-at="2019-10-12T12:25:18 EAT" name="FirstTestSuite" finished-at="2019-10-12T12:25:42 EAT" duration-ms="24240">
      <class name="com.dice.LoginTest">
        <test-method is-config="true" signature="methodSetup()[pri:0, instance:com.dice.LoginTest@31ff43be]" started-at="2019-10-12T12:25:18 EAT" name="methodSetup" finished-at="2019-10-12T12:25:26 EAT" duration-ms="7390" status="PASS">
          <reporter-output>
          </reporter-output>
        </test-method> <!-- methodSetup -->
        <test-method signature="negativeLoginTest()[pri:0, instance:com.dice.LoginTest@31ff43be]" started-at="2019-10-12T12:25:26 EAT" name="negativeLoginTest" finished-at="2019-10-12T12:25:41 EAT" duration-ms="15870" status="PASS">
          <reporter-output>
          </reporter-output>
        </test-method> <!-- negativeLoginTest -->
        <test-method is-config="true" signature="tearDown()[pri:0, instance:com.dice.LoginTest@31ff43be]" started-at="2019-10-12T12:25:41 EAT" name="tearDown" finished-at="2019-10-12T12:25:42 EAT" duration-ms="950" status="PASS">
          <reporter-output>
          </reporter-output>
        </test-method> <!-- tearDown -->
      </class> <!-- com.dice.LoginTest -->
    </test> <!-- FirstTestSuite -->
  </suite> <!-- Suite_Automation -->
</testng-results>
